LinkAJar/app/build/intermediates/manifest_merge_blame_file/debug/manifest-merger-blame-debug-report.txt
1<?xml version="1.0" encoding="utf-8"?>
2<manifest xmlns:android="http://schemas.android.com/apk/res/android"
3    package="com.linkajar.biodatasiswa"
4    android:versionCode="1"
5    android:versionName="1.0" >
6
7    <uses-sdk
8        android:minSdkVersion="21"
8-->src\main\AndroidManifest.xml
9        android:targetSdkVersion="29" />
9-->src\main\AndroidManifest.xml
10
11    <application
11-->src\main\AndroidManifest.xml:5:5-35:19
12        android:allowBackup="true"
12-->src\main\AndroidManifest.xml:6:9-35
13        android:appComponentFactory="androidx.core.app.CoreComponentFactory"
13-->[androidx.core:core:1.1.0] AndroidManifest.xml:24:18-86
14        android:debuggable="true"
15        android:icon="@mipmap/ic_launcher"
15-->src\main\AndroidManifest.xml:7:9-43
16        android:label="@string/app_name"
16-->src\main\AndroidManifest.xml:8:9-41
17        android:roundIcon="@mipmap/ic_launcher_round"
17-->src\main\AndroidManifest.xml:9:9-54
18        android:supportsRtl="true"
18-->src\main\AndroidManifest.xml:10:9-35
19        android:testOnly="true"
20        android:theme="@style/AppTheme" >
20-->src\main\AndroidManifest.xml:11:9-40
21        <activity android:name="com.linkajar.biodatasiswa.activities.RegisterActivity" />
21-->src\main\AndroidManifest.xml:12:9-74
21-->src\main\AndroidManifest.xml:12:19-62
22        <activity android:name="com.linkajar.biodatasiswa.activities.LoginActivity" />
22-->src\main\AndroidManifest.xml:13:9-62
22-->src\main\AndroidManifest.xml:13:19-59
23        <activity
23-->src\main\AndroidManifest.xml:14:9-16:69
24            android:name="com.linkajar.biodatasiswa.activities.ProfileActivity"
24-->src\main\AndroidManifest.xml:15:13-55
25            android:parentActivityName="com.linkajar.biodatasiswa.activities.MainActivity" />
25-->src\main\AndroidManifest.xml:16:13-66
26        <activity android:name="com.linkajar.biodatasiswa.activities.SiswaKelasActivity" />
26-->src\main\AndroidManifest.xml:17:9-67
26-->src\main\AndroidManifest.xml:17:19-64
27        <activity
27-->src\main\AndroidManifest.xml:18:9-20:69
28            android:name="com.linkajar.biodatasiswa.activities.DetailActivity"
28-->src\main\AndroidManifest.xml:19:13-54
29            android:parentActivityName="com.linkajar.biodatasiswa.activities.MainActivity" />
29-->src\main\AndroidManifest.xml:20:13-66
30        <activity
30-->src\main\AndroidManifest.xml:21:9-30:20
31            android:name="com.linkajar.biodatasiswa.activities.MainActivity"
31-->src\main\AndroidManifest.xml:22:13-52
32            android:label="@string/app_name"
32-->src\main\AndroidManifest.xml:23:13-45
33            android:theme="@style/AppTheme.NoActionBar" >
33-->src\main\AndroidManifest.xml:24:13-56
34            <intent-filter>
34-->src\main\AndroidManifest.xml:25:13-29:29
35                <action android:name="android.intent.action.MAIN" />
35-->src\main\AndroidManifest.xml:26:17-69
35-->src\main\AndroidManifest.xml:26:25-66
36
37                <category android:name="android.intent.category.LAUNCHER" />
37-->src\main\AndroidManifest.xml:28:17-77
37-->src\main\AndroidManifest.xml:28:27-74
38            </intent-filter>
39        </activity>
40        <activity android:name="com.linkajar.biodatasiswa.activities.TambahKelasActivity" />
40-->src\main\AndroidManifest.xml:31:9-68
40-->src\main\AndroidManifest.xml:31:19-65
41        <activity android:name="com.linkajar.biodatasiswa.activities.UpdateKelasActivity" />
41-->src\main\AndroidManifest.xml:32:9-68
41-->src\main\AndroidManifest.xml:32:19-65
42        <activity android:name="com.linkajar.biodatasiswa.activities.ListSiswaActivity" />
42-->src\main\AndroidManifest.xml:33:9-66
42-->src\main\AndroidManifest.xml:33:19-63
43        <activity android:name="com.linkajar.biodatasiswa.activities.TambahSiswaActivity" />
43-->src\main\AndroidManifest.xml:34:9-68
43-->src\main\AndroidManifest.xml:34:19-65
44    </application>
45
46</manifest>